This file contains any messages produced by compilers while
running configure, to aid debugging if configure makes a mistake.

It was created by configure, which was
generated by GNU Autoconf 2.69.  Invocation command line was

  $ ./configure 

## --------- ##
## Platform. ##
## --------- ##

hostname = M1515048
uname -m = x86_64
uname -r = 14.5.0
uname -s = Darwin
uname -v = Darwin Kernel Version 14.5.0: Tue Sep  1 21:23:09 PDT 2015; root:xnu-2782.50.1~1/RELEASE_X86_64

/usr/bin/uname -p = i386
/bin/uname -X     = unknown

/bin/arch              = unknown
/usr/bin/arch -k       = unknown
/usr/convex/getsysinfo = unknown
/usr/bin/hostinfo      = Mach kernel version:
	 Darwin Kernel Version 14.5.0: Tue Sep  1 21:23:09 PDT 2015; root:xnu-2782.50.1~1/RELEASE_X86_64
Kernel configured for up to 8 processors.
4 processors are physically available.
8 processors are logically available.
Processor type: x86_64h (Intel x86-64h Haswell)
Processors active: 0 1 2 3 4 5 6 7
Primary memory available: 16.00 gigabytes
Default processor set: 313 tasks, 1710 threads, 8 processors
Load average: 1.84, Mach factor: 6.15
/bin/machine           = unknown
/usr/bin/oslevel       = unknown
/bin/universe          = unknown

PATH: /Users/cerdep/.stack/programs/x86_64-osx/ghc-7.10.2/bin
PATH: /Users/cerdep/.local/bin
PATH: /usr/local/bin
PATH: /usr/bin
PATH: /bin
PATH: /usr/sbin
PATH: /sbin


## ----------- ##
## Core tests. ##
## ----------- ##

configure:2087: checking for mpg321
configure:2103: found /usr/local/bin/mpg321
configure:2114: result: mpg321
configure:2184: checking for gcc
configure:2200: found /usr/bin/gcc
configure:2211: result: gcc
configure:2440: checking for C compiler version
configure:2449: gcc --version >&5
Apple LLVM version 7.0.2 (clang-700.1.81)
Target: x86_64-apple-darwin14.5.0
Thread model: posix
Configured with: --prefix=/Applications/Xcode.app/Contents/Developer/usr --with-gxx-include-dir=/usr/include/c++/4.2.1
configure:2460: $? = 0
configure:2449: gcc -v >&5
Configured with: --prefix=/Applications/Xcode.app/Contents/Developer/usr --with-gxx-include-dir=/usr/include/c++/4.2.1
Apple LLVM version 7.0.2 (clang-700.1.81)
Target: x86_64-apple-darwin14.5.0
Thread model: posix
configure:2460: $? = 0
configure:2449: gcc -V >&5
clang: error: argument to '-V' is missing (expected 1 value)
clang: error: no input files
configure:2460: $? = 1
configure:2449: gcc -qversion >&5
clang: error: unknown argument: '-qversion'
clang: error: no input files
configure:2460: $? = 1
configure:2480: checking whether the C compiler works
configure:2502: gcc    conftest.c  >&5
configure:2506: $? = 0
configure:2554: result: yes
configure:2557: checking for C compiler default output file name
configure:2559: result: a.out
configure:2565: checking for suffix of executables
configure:2572: gcc -o conftest    conftest.c  >&5
configure:2576: $? = 0
configure:2598: result: 
configure:2620: checking whether we are cross compiling
configure:2628: gcc -o conftest    conftest.c  >&5
configure:2632: $? = 0
configure:2639: ./conftest
configure:2643: $? = 0
configure:2658: result: no
configure:2663: checking for suffix of object files
configure:2685: gcc -c   conftest.c >&5
configure:2689: $? = 0
configure:2710: result: o
configure:2714: checking whether we are using the GNU C compiler
configure:2733: gcc -c   conftest.c >&5
configure:2733: $? = 0
configure:2742: result: yes
configure:2751: checking whether gcc accepts -g
configure:2771: gcc -c -g  conftest.c >&5
configure:2771: $? = 0
configure:2812: result: yes
configure:2829: checking for gcc option to accept ISO C89
configure:2892: gcc  -c -g -O2  conftest.c >&5
configure:2892: $? = 0
configure:2905: result: none needed
configure:2926: checking for addnstr in -lcurses
configure:2951: gcc -o conftest -g -O2   conftest.c -lcurses   >&5
configure:2951: $? = 0
configure:2960: result: yes
configure:2973: checking for use_default_colors
configure:2973: gcc -o conftest -g -O2   conftest.c -lcurses  >&5
configure:2973: $? = 0
configure:2973: result: yes
configure:2987: checking how to run the C preprocessor
configure:3018: gcc -E  conftest.c
configure:3018: $? = 0
configure:3032: gcc -E  conftest.c
conftest.c:12:10: fatal error: 'ac_nonexistent.h' file not found
#include <ac_nonexistent.h>
         ^
1 error generated.
configure:3032: $? = 1
configure: failed program was:
| /* confdefs.h */
| #define PACKAGE_NAME ""
| #define PACKAGE_TARNAME ""
| #define PACKAGE_VERSION ""
| #define PACKAGE_STRING ""
| #define PACKAGE_BUGREPORT ""
| #define PACKAGE_URL ""
| #define MPG321 "mpg321"
| #define HAVE_LIBCURSES 1
| #define HAVE_USE_DEFAULT_COLORS 1
| /* end confdefs.h.  */
| #include <ac_nonexistent.h>
configure:3057: result: gcc -E
configure:3077: gcc -E  conftest.c
configure:3077: $? = 0
configure:3091: gcc -E  conftest.c
conftest.c:12:10: fatal error: 'ac_nonexistent.h' file not found
#include <ac_nonexistent.h>
         ^
1 error generated.
configure:3091: $? = 1
configure: failed program was:
| /* confdefs.h */
| #define PACKAGE_NAME ""
| #define PACKAGE_TARNAME ""
| #define PACKAGE_VERSION ""
| #define PACKAGE_STRING ""
| #define PACKAGE_BUGREPORT ""
| #define PACKAGE_URL ""
| #define MPG321 "mpg321"
| #define HAVE_LIBCURSES 1
| #define HAVE_USE_DEFAULT_COLORS 1
| /* end confdefs.h.  */
| #include <ac_nonexistent.h>
configure:3120: checking for grep that handles long lines and -e
configure:3178: result: /usr/bin/grep
configure:3183: checking for egrep
configure:3245: result: /usr/bin/grep -E
configure:3250: checking for ANSI C header files
configure:3270: gcc -c -g -O2  conftest.c >&5
configure:3270: $? = 0
configure:3343: gcc -o conftest -g -O2   conftest.c -lcurses  >&5
configure:3343: $? = 0
configure:3343: ./conftest
configure:3343: $? = 0
configure:3354: result: yes
configure:3367: checking for sys/types.h
configure:3367: gcc -c -g -O2  conftest.c >&5
configure:3367: $? = 0
configure:3367: result: yes
configure:3367: checking for sys/stat.h
configure:3367: gcc -c -g -O2  conftest.c >&5
configure:3367: $? = 0
configure:3367: result: yes
configure:3367: checking for stdlib.h
configure:3367: gcc -c -g -O2  conftest.c >&5
configure:3367: $? = 0
configure:3367: result: yes
configure:3367: checking for string.h
configure:3367: gcc -c -g -O2  conftest.c >&5
configure:3367: $? = 0
configure:3367: result: yes
configure:3367: checking for memory.h
configure:3367: gcc -c -g -O2  conftest.c >&5
configure:3367: $? = 0
configure:3367: result: yes
configure:3367: checking for strings.h
configure:3367: gcc -c -g -O2  conftest.c >&5
configure:3367: $? = 0
configure:3367: result: yes
configure:3367: checking for inttypes.h
configure:3367: gcc -c -g -O2  conftest.c >&5
configure:3367: $? = 0
configure:3367: result: yes
configure:3367: checking for stdint.h
configure:3367: gcc -c -g -O2  conftest.c >&5
configure:3367: $? = 0
configure:3367: result: yes
configure:3367: checking for unistd.h
configure:3367: gcc -c -g -O2  conftest.c >&5
configure:3367: $? = 0
configure:3367: result: yes
configure:3382: checking regex.h usability
configure:3382: gcc -c -g -O2  conftest.c >&5
configure:3382: $? = 0
configure:3382: result: yes
configure:3382: checking regex.h presence
configure:3382: gcc -E  conftest.c
configure:3382: $? = 0
configure:3382: result: yes
configure:3382: checking for regex.h
configure:3382: result: yes
configure:3382: checking for sys/types.h
configure:3382: result: yes
configure:3507: creating ./config.status

## ---------------------- ##
## Running config.status. ##
## ---------------------- ##

This file was extended by config.status, which was
generated by GNU Autoconf 2.69.  Invocation command line was

  CONFIG_FILES    = 
  CONFIG_HEADERS  = 
  CONFIG_LINKS    = 
  CONFIG_COMMANDS = 
  $ ./config.status 

on M1515048

config.status:679: creating src/cbits/config.h

## ---------------- ##
## Cache variables. ##
## ---------------- ##

ac_cv_c_compiler_gnu=yes
ac_cv_env_CC_set=
ac_cv_env_CC_value=
ac_cv_env_CFLAGS_set=
ac_cv_env_CFLAGS_value=
ac_cv_env_CPPFLAGS_set=
ac_cv_env_CPPFLAGS_value=
ac_cv_env_CPP_set=
ac_cv_env_CPP_value=
ac_cv_env_LDFLAGS_set=
ac_cv_env_LDFLAGS_value=
ac_cv_env_LIBS_set=
ac_cv_env_LIBS_value=
ac_cv_env_build_alias_set=
ac_cv_env_build_alias_value=
ac_cv_env_host_alias_set=
ac_cv_env_host_alias_value=
ac_cv_env_target_alias_set=
ac_cv_env_target_alias_value=
ac_cv_func_use_default_colors=yes
ac_cv_header_inttypes_h=yes
ac_cv_header_memory_h=yes
ac_cv_header_regex_h=yes
ac_cv_header_stdc=yes
ac_cv_header_stdint_h=yes
ac_cv_header_stdlib_h=yes
ac_cv_header_string_h=yes
ac_cv_header_strings_h=yes
ac_cv_header_sys_stat_h=yes
ac_cv_header_sys_types_h=yes
ac_cv_header_unistd_h=yes
ac_cv_lib_curses_addnstr=yes
ac_cv_objext=o
ac_cv_path_EGREP='/usr/bin/grep -E'
ac_cv_path_GREP=/usr/bin/grep
ac_cv_prog_CPP='gcc -E'
ac_cv_prog_MPG321=mpg321
ac_cv_prog_ac_ct_CC=gcc
ac_cv_prog_cc_c89=
ac_cv_prog_cc_g=yes

## ----------------- ##
## Output variables. ##
## ----------------- ##

CC='gcc'
CFLAGS='-g -O2'
CPP='gcc -E'
CPPFLAGS=''
DEFS='-DHAVE_CONFIG_H'
ECHO_C='\c'
ECHO_N=''
ECHO_T=''
EGREP='/usr/bin/grep -E'
EXEEXT=''
GREP='/usr/bin/grep'
LDFLAGS=''
LIBOBJS=''
LIBS='-lcurses '
LTLIBOBJS=''
MPG321='mpg321'
OBJEXT='o'
PACKAGE_BUGREPORT=''
PACKAGE_NAME=''
PACKAGE_STRING=''
PACKAGE_TARNAME=''
PACKAGE_URL=''
PACKAGE_VERSION=''
PATH_SEPARATOR=':'
SHELL='/bin/sh'
ac_ct_CC='gcc'
bindir='${exec_prefix}/bin'
build_alias=''
datadir='${datarootdir}'
datarootdir='${prefix}/share'
docdir='${datarootdir}/doc/${PACKAGE}'
dvidir='${docdir}'
exec_prefix='${prefix}'
host_alias=''
htmldir='${docdir}'
includedir='${prefix}/include'
infodir='${datarootdir}/info'
libdir='${exec_prefix}/lib'
libexecdir='${exec_prefix}/libexec'
localedir='${datarootdir}/locale'
localstatedir='${prefix}/var'
mandir='${datarootdir}/man'
oldincludedir='/usr/include'
pdfdir='${docdir}'
prefix='/usr/local'
program_transform_name='s,x,x,'
psdir='${docdir}'
sbindir='${exec_prefix}/sbin'
sharedstatedir='${prefix}/com'
sysconfdir='${prefix}/etc'
target_alias=''

## ----------- ##
## confdefs.h. ##
## ----------- ##

/* confdefs.h */
#define PACKAGE_NAME ""
#define PACKAGE_TARNAME ""
#define PACKAGE_VERSION ""
#define PACKAGE_STRING ""
#define PACKAGE_BUGREPORT ""
#define PACKAGE_URL ""
#define MPG321 "mpg321"
#define HAVE_LIBCURSES 1
#define HAVE_USE_DEFAULT_COLORS 1
#define STDC_HEADERS 1
#define HAVE_SYS_TYPES_H 1
#define HAVE_SYS_STAT_H 1
#define HAVE_STDLIB_H 1
#define HAVE_STRING_H 1
#define HAVE_MEMORY_H 1
#define HAVE_STRINGS_H 1
#define HAVE_INTTYPES_H 1
#define HAVE_STDINT_H 1
#define HAVE_UNISTD_H 1
#define HAVE_REGEX_H 1
#define HAVE_SYS_TYPES_H 1

configure: exit 0
